
===== 2026-04-16 08:00 =====
[Step 1] テーマ更新...
収集メッセージを確認しました。2026-04-16の`#discoveries`と`#research-queue`の投稿は**どちらも空**です。

更新すべき内容がないため、テーマファイルへの変更は行いません。

次回の収集メッセージに投稿が含まれていた場合は、適切なテーマファイルに反映します。
[Step 1] 完了: 変更なし
[Step 2] synthesis更新...
すべてのテーマファイルと synthesis.md を確認しました。

現時点では、すべてのテーマファイル（`ai-philosophy.md`、`business-design.md`、`personal-os.md`、`tools-tech.md`、`misc.md`）がテンプレートの初期状態のままで、歯車の記録が一切ありません。接続仮説を構成できる素材がないため：

**変更なし**

テーマファイルに歯車が蓄積されたタイミングで再度実行してください。
[Step 2] 完了: 変更なし
[Step 3] 活動ログ生成...
weekly.mdについては、活動ログに完了を示す内容がないため変更しません。

- `todo/log/2026-04-16.md` を作成しました（収集メッセージ空のため各セクションは「新着なし」）
- `weekly.md` は変更なし（完了判断できるタスクなし）
[Step 3] 完了: ログ作成
[main d2bc2e0] [routine] 2026-04-16
 7 files changed, 271 insertions(+), 31 deletions(-)
 create mode 100644 docs/daily-channel-manual.md
 create mode 100644 routine-detail.log
 create mode 100644 todo/log/2026-04-16.md
To github-m1personal:coqworks-sudo/personal-os.git
   ffc1c03..d2bc2e0  main -> main
[Step 4] 完了: push済み（7ファイル）

===== 2026-04-17 08:00 =====
[Step 1] テーマ更新...
収集メッセージを確認しました。

今回の収集メッセージ（2026-04-17）は、`#discoveries` も `#research-queue` も内容が空です。

更新すべき歯車が存在しないため、**いずれのテーマファイルも変更しません。**
[Step 1] 完了: 変更なし
[Step 2] synthesis更新...
全テーマファイルを確認しました。現時点では、すべてのテーマファイルがまだ初期テンプレート状態（歯車が未記入）のため、テーマをまたぐ接続を導くデータがありません。

**変更なし**

テーマファイルに実際の歯車が蓄積されたタイミングで、接続仮説の記述を行います。
[Step 2] 完了: 変更なし
[Step 3] 活動ログ生成...
活動ログを作成しました。

weekly.mdについては、収集メッセージに完了を示す情報がないため、タスクの移動は行いませんでした。
[Step 3] 完了: ログ作成
